\BOOKMARK [0][-]{chapter*.1}{\376\377\000A\000b\000s\000t\000r\000a\000c\000t}{}% 1
\BOOKMARK [0][-]{chapter*.4}{\376\377\000N\000o\000t\000a\000z\000i\000o\000n\000e}{}% 2
\BOOKMARK [0][-]{chapter.1}{\376\377\000I\000n\000t\000r\000o\000d\000u\000z\000i\000o\000n\000e}{}% 3
\BOOKMARK [1][-]{section.1.1}{\376\377\000M\000o\000t\000i\000v\000a\000z\000i\000o\000n\000e}{chapter.1}% 4
\BOOKMARK [1][-]{section.1.2}{\376\377\000P\000e\000r\000c\000h\000\351\000\040\000l\000e\000\040\000c\000u\000r\000v\000e\000\040\000e\000l\000l\000i\000t\000t\000i\000c\000h\000e}{chapter.1}% 5
\BOOKMARK [1][-]{section.1.3}{\376\377\000O\000b\000i\000e\000t\000t\000i\000v\000i\000\040\000d\000e\000l\000l\000a\000\040\000r\000e\000l\000a\000z\000i\000o\000n\000e}{chapter.1}% 6
\BOOKMARK [1][-]{section.1.4}{\376\377\000S\000t\000r\000u\000t\000t\000u\000r\000a\000\040\000d\000e\000l\000l\000a\000\040\000r\000e\000l\000a\000z\000i\000o\000n\000e}{chapter.1}% 7
\BOOKMARK [0][-]{chapter.2}{\376\377\000F\000o\000n\000d\000a\000m\000e\000n\000t\000i\000\040\000m\000a\000t\000e\000m\000a\000t\000i\000c\000i}{}% 8
\BOOKMARK [1][-]{section.2.1}{\376\377\000P\000e\000r\000c\000h\000\351\000\040\000s\000e\000r\000v\000o\000n\000o\000\040\000i\000\040\000f\000o\000n\000d\000a\000m\000e\000n\000t\000i\000\040\000m\000a\000t\000e\000m\000a\000t\000i\000c\000i}{chapter.2}% 9
\BOOKMARK [1][-]{section.2.2}{\376\377\000A\000r\000i\000t\000m\000e\000t\000i\000c\000a\000\040\000m\000o\000d\000u\000l\000a\000r\000e}{chapter.2}% 10
\BOOKMARK [1][-]{section.2.3}{\376\377\000G\000r\000u\000p\000p\000i}{chapter.2}% 11
\BOOKMARK [1][-]{section.2.4}{\376\377\000G\000r\000u\000p\000p\000i\000\040\000a\000b\000e\000l\000i\000a\000n\000i}{chapter.2}% 12
\BOOKMARK [1][-]{section.2.5}{\376\377\000G\000r\000u\000p\000p\000i\000\040\000c\000i\000c\000l\000i\000c\000i\000\040\000e\000\040\000g\000e\000n\000e\000r\000a\000t\000o\000r\000i}{chapter.2}% 13
\BOOKMARK [1][-]{section.2.6}{\376\377\000C\000a\000m\000p\000i\000\040\000f\000i\000n\000i\000t\000i}{chapter.2}% 14
\BOOKMARK [1][-]{section.2.7}{\376\377\000I\000n\000v\000e\000r\000s\000i\000\040\000m\000o\000d\000u\000l\000a\000r\000i}{chapter.2}% 15
\BOOKMARK [1][-]{section.2.8}{\376\377\000F\000a\000c\000i\000l\000e\000\040\000e\000\040\000d\000i\000f\000f\000i\000c\000i\000l\000e\000\040\000i\000n\000\040\000s\000e\000n\000s\000o\000\040\000c\000o\000m\000p\000u\000t\000a\000z\000i\000o\000n\000a\000l\000e}{chapter.2}% 16
\BOOKMARK [1][-]{section.2.9}{\376\377\000I\000l\000\040\000p\000r\000o\000b\000l\000e\000m\000a\000\040\000d\000e\000l\000\040\000l\000o\000g\000a\000r\000i\000t\000m\000o\000\040\000d\000i\000s\000c\000r\000e\000t\000o}{chapter.2}% 17
\BOOKMARK [1][-]{section.2.10}{\376\377\000D\000a\000l\000\040\000l\000o\000g\000a\000r\000i\000t\000m\000o\000\040\000d\000i\000s\000c\000r\000e\000t\000o\000\040\000c\000l\000a\000s\000s\000i\000c\000o\000\040\000a\000l\000\040\000c\000a\000s\000o\000\040\000e\000l\000l\000i\000t\000t\000i\000c\000o}{chapter.2}% 18
\BOOKMARK [0][-]{chapter.3}{\376\377\000C\000u\000r\000v\000e\000\040\000e\000l\000l\000i\000t\000t\000i\000c\000h\000e\000\040\000s\000u\000i\000\040\000n\000u\000m\000e\000r\000i\000\040\000r\000e\000a\000l\000i}{}% 19
\BOOKMARK [1][-]{section.3.1}{\376\377\000I\000n\000t\000r\000o\000d\000u\000z\000i\000o\000n\000e}{chapter.3}% 20
\BOOKMARK [1][-]{section.3.2}{\376\377\000D\000e\000f\000i\000n\000i\000z\000i\000o\000n\000e\000\040\000g\000e\000n\000e\000r\000a\000l\000e\000\040\000d\000i\000\040\000c\000u\000r\000v\000a\000\040\000e\000l\000l\000i\000t\000t\000i\000c\000a}{chapter.3}% 21
\BOOKMARK [1][-]{section.3.3}{\376\377\000F\000o\000r\000m\000a\000\040\000n\000o\000r\000m\000a\000l\000e\000\040\000d\000i\000\040\000W\000e\000i\000e\000r\000s\000t\000r\000a\000s\000s}{chapter.3}% 22
\BOOKMARK [1][-]{section.3.4}{\376\377\000C\000o\000n\000d\000i\000z\000i\000o\000n\000e\000\040\000d\000i\000\040\000n\000o\000n\000\040\000s\000i\000n\000g\000o\000l\000a\000r\000i\000t\000\340}{chapter.3}% 23
\BOOKMARK [1][-]{section.3.5}{\376\377\000I\000n\000t\000e\000r\000p\000r\000e\000t\000a\000z\000i\000o\000n\000e\000\040\000g\000e\000o\000m\000e\000t\000r\000i\000c\000a}{chapter.3}% 24
\BOOKMARK [1][-]{section.3.6}{\376\377\000I\000n\000t\000e\000r\000s\000e\000z\000i\000o\000n\000e\000\040\000c\000o\000n\000\040\000l\000e\000\040\000r\000e\000t\000t\000e}{chapter.3}% 25
\BOOKMARK [1][-]{section.3.7}{\376\377\000I\000l\000\040\000p\000u\000n\000t\000o\000\040\000a\000l\000l\000'\000i\000n\000f\000i\000n\000i\000t\000o}{chapter.3}% 26
\BOOKMARK [1][-]{section.3.8}{\376\377\000P\000e\000r\000c\000h\000\351\000\040\000p\000a\000r\000t\000i\000r\000e\000\040\000d\000a\000i\000\040\000n\000u\000m\000e\000r\000i\000\040\000r\000e\000a\000l\000i}{chapter.3}% 27
\BOOKMARK [0][-]{chapter.4}{\376\377\000L\000e\000g\000g\000e\000\040\000d\000i\000\040\000g\000r\000u\000p\000p\000o\000\040\000s\000u\000l\000l\000e\000\040\000c\000u\000r\000v\000e\000\040\000e\000l\000l\000i\000t\000t\000i\000c\000h\000e}{}% 28
\BOOKMARK [1][-]{section.4.1}{\376\377\000I\000n\000t\000r\000o\000d\000u\000z\000i\000o\000n\000e}{chapter.4}% 29
\BOOKMARK [1][-]{section.4.2}{\376\377\000I\000d\000e\000a\000\040\000g\000e\000o\000m\000e\000t\000r\000i\000c\000a\000\040\000d\000e\000l\000l\000a\000\040\000s\000o\000m\000m\000a}{chapter.4}% 30
\BOOKMARK [1][-]{section.4.3}{\376\377\000S\000o\000m\000m\000a\000\040\000d\000i\000\040\000d\000u\000e\000\040\000p\000u\000n\000t\000i\000\040\000d\000i\000s\000t\000i\000n\000t\000i}{chapter.4}% 31
\BOOKMARK [1][-]{section.4.4}{\376\377\000P\000u\000n\000t\000i\000\040\000o\000p\000p\000o\000s\000t\000i\000\040\000e\000\040\000r\000e\000t\000t\000a\000\040\000v\000e\000r\000t\000i\000c\000a\000l\000e}{chapter.4}% 32
\BOOKMARK [1][-]{section.4.5}{\376\377\000R\000a\000d\000d\000o\000p\000p\000i\000o\000\040\000d\000i\000\040\000u\000n\000\040\000p\000u\000n\000t\000o}{chapter.4}% 33
\BOOKMARK [1][-]{section.4.6}{\376\377\000I\000l\000\040\000c\000a\000s\000o\000\040\000d\000e\000l\000l\000a\000\040\000t\000a\000n\000g\000e\000n\000t\000e\000\040\000v\000e\000r\000t\000i\000c\000a\000l\000e}{chapter.4}% 34
\BOOKMARK [1][-]{section.4.7}{\376\377\000E\000l\000e\000m\000e\000n\000t\000o\000\040\000n\000e\000u\000t\000r\000o}{chapter.4}% 35
\BOOKMARK [1][-]{section.4.8}{\376\377\000I\000n\000v\000e\000r\000s\000o\000\040\000d\000i\000\040\000u\000n\000\040\000p\000u\000n\000t\000o}{chapter.4}% 36
\BOOKMARK [1][-]{section.4.9}{\376\377\000P\000r\000o\000p\000r\000i\000e\000t\000\340\000\040\000d\000i\000\040\000g\000r\000u\000p\000p\000o}{chapter.4}% 37
\BOOKMARK [1][-]{section.4.10}{\376\377\000M\000o\000l\000t\000i\000p\000l\000i\000c\000a\000z\000i\000o\000n\000e\000\040\000s\000c\000a\000l\000a\000r\000e}{chapter.4}% 38
\BOOKMARK [1][-]{section.4.11}{\376\377\000M\000e\000t\000o\000d\000o\000\040\000d\000o\000u\000b\000l\000e\000-\000a\000n\000d\000-\000a\000d\000d}{chapter.4}% 39
\BOOKMARK [1][-]{section.4.12}{\376\377\000I\000m\000p\000o\000r\000t\000a\000n\000z\000a\000\040\000c\000r\000i\000t\000t\000o\000g\000r\000a\000f\000i\000c\000a\000\040\000d\000e\000l\000l\000a\000\040\000l\000e\000g\000g\000e\000\040\000d\000i\000\040\000g\000r\000u\000p\000p\000o}{chapter.4}% 40
\BOOKMARK [0][-]{chapter.5}{\376\377\000C\000u\000r\000v\000e\000\040\000e\000l\000l\000i\000t\000t\000i\000c\000h\000e\000\040\000s\000u\000\040\000c\000a\000m\000p\000i\000\040\000f\000i\000n\000i\000t\000i}{}% 41
\BOOKMARK [1][-]{section.5.1}{\376\377\000I\000n\000t\000r\000o\000d\000u\000z\000i\000o\000n\000e}{chapter.5}% 42
\BOOKMARK [1][-]{section.5.2}{\376\377\000C\000u\000r\000v\000e\000\040\000e\000l\000l\000i\000t\000t\000i\000c\000h\000e\000\040\000s\000u\000\040\000F\000p}{chapter.5}% 43
\BOOKMARK [1][-]{section.5.3}{\376\377\000D\000i\000f\000f\000e\000r\000e\000n\000z\000a\000\040\000r\000i\000s\000p\000e\000t\000t\000o\000\040\000a\000l\000\040\000c\000a\000s\000o\000\040\000r\000e\000a\000l\000e}{chapter.5}% 44
\BOOKMARK [1][-]{section.5.4}{\376\377\000E\000s\000e\000m\000p\000i\000o\000\040\000d\000i\000\040\000c\000u\000r\000v\000a\000\040\000s\000u\000\040\000F\0001\0007}{chapter.5}% 45
\BOOKMARK [1][-]{section.5.5}{\376\377\000S\000o\000m\000m\000a\000\040\000d\000i\000\040\000p\000u\000n\000t\000i\000\040\000m\000o\000d\000u\000l\000o\000\040\000p}{chapter.5}% 46
\BOOKMARK [1][-]{section.5.6}{\376\377\000R\000a\000d\000d\000o\000p\000p\000i\000o\000\040\000d\000i\000\040\000u\000n\000\040\000p\000u\000n\000t\000o\000\040\000m\000o\000d\000u\000l\000o\000\040\000p}{chapter.5}% 47
\BOOKMARK [1][-]{section.5.7}{\376\377\000O\000p\000p\000o\000s\000t\000i\000\040\000e\000\040\000p\000u\000n\000t\000o\000\040\000a\000l\000l\000'\000i\000n\000f\000i\000n\000i\000t\000o}{chapter.5}% 48
\BOOKMARK [1][-]{section.5.8}{\376\377\000M\000o\000l\000t\000i\000p\000l\000i\000c\000a\000z\000i\000o\000n\000e\000\040\000s\000c\000a\000l\000a\000r\000e\000\040\000e\000\040\000s\000o\000t\000t\000o\000g\000r\000u\000p\000p\000i\000\040\000c\000i\000c\000l\000i\000c\000i}{chapter.5}% 49
\BOOKMARK [1][-]{section.5.9}{\376\377\000P\000e\000r\000c\000h\000\351\000\040\000i\000\040\000c\000a\000m\000p\000i\000\040\000f\000i\000n\000i\000t\000i\000\040\000s\000o\000n\000o\000\040\000a\000d\000a\000t\000t\000i\000\040\000a\000l\000l\000a\000\040\000c\000r\000i\000t\000t\000o\000g\000r\000a\000f\000i\000a}{chapter.5}% 50
\BOOKMARK [0][-]{chapter.6}{\376\377\000I\000l\000\040\000p\000r\000o\000b\000l\000e\000m\000a\000\040\000d\000e\000l\000\040\000l\000o\000g\000a\000r\000i\000t\000m\000o\000\040\000d\000i\000s\000c\000r\000e\000t\000o\000\040\000s\000u\000\040\000c\000u\000r\000v\000e\000\040\000e\000l\000l\000i\000t\000t\000i\000c\000h\000e}{}% 51
\BOOKMARK [1][-]{section.6.1}{\376\377\000I\000n\000t\000r\000o\000d\000u\000z\000i\000o\000n\000e}{chapter.6}% 52
\BOOKMARK [1][-]{section.6.2}{\376\377\000R\000i\000c\000h\000i\000a\000m\000o\000:\000\040\000i\000l\000\040\000l\000o\000g\000a\000r\000i\000t\000m\000o\000\040\000d\000i\000s\000c\000r\000e\000t\000o\000\040\000c\000l\000a\000s\000s\000i\000c\000o}{chapter.6}% 53
\BOOKMARK [1][-]{section.6.3}{\376\377\000D\000a\000l\000\040\000c\000a\000s\000o\000\040\000m\000o\000l\000t\000i\000p\000l\000i\000c\000a\000t\000i\000v\000o\000\040\000a\000l\000\040\000c\000a\000s\000o\000\040\000e\000l\000l\000i\000t\000t\000i\000c\000o}{chapter.6}% 54
\BOOKMARK [1][-]{section.6.4}{\376\377\000D\000e\000f\000i\000n\000i\000z\000i\000o\000n\000e\000\040\000d\000i\000\040\000E\000C\000D\000L\000P}{chapter.6}% 55
\BOOKMARK [1][-]{section.6.5}{\376\377\000P\000e\000r\000c\000h\000\351\000\040\000l\000a\000\040\000d\000i\000r\000e\000z\000i\000o\000n\000e\000\040\000d\000i\000r\000e\000t\000t\000a\000\040\000\350\000\040\000e\000f\000f\000i\000c\000i\000e\000n\000t\000e}{chapter.6}% 56
\BOOKMARK [1][-]{section.6.6}{\376\377\000P\000e\000r\000c\000h\000\351\000\040\000l\000'\000i\000n\000v\000e\000r\000s\000i\000o\000n\000e\000\040\000\350\000\040\000d\000i\000f\000f\000i\000c\000i\000l\000e}{chapter.6}% 57
\BOOKMARK [1][-]{section.6.7}{\376\377\000E\000s\000e\000m\000p\000i\000o\000\040\000s\000u\000\040\000u\000n\000a\000\040\000c\000u\000r\000v\000a\000\040\000p\000i\000c\000c\000o\000l\000a}{chapter.6}% 58
\BOOKMARK [1][-]{section.6.8}{\376\377\000O\000r\000d\000i\000n\000e\000\040\000d\000e\000l\000\040\000p\000u\000n\000t\000o\000\040\000e\000\040\000d\000i\000m\000e\000n\000s\000i\000o\000n\000e\000\040\000d\000e\000l\000\040\000s\000o\000t\000t\000o\000g\000r\000u\000p\000p\000o}{chapter.6}% 59
\BOOKMARK [1][-]{section.6.9}{\376\377\000F\000o\000r\000z\000a\000\040\000b\000r\000u\000t\000a\000\040\000e\000\040\000a\000t\000t\000a\000c\000c\000h\000i\000\040\000g\000e\000n\000e\000r\000i\000c\000i}{chapter.6}% 60
\BOOKMARK [1][-]{section.6.10}{\376\377\000E\000C\000D\000L\000P\000\040\000c\000o\000m\000e\000\040\000f\000u\000n\000z\000i\000o\000n\000e\000\040\000o\000n\000e\000-\000w\000a\000y}{chapter.6}% 61
\BOOKMARK [1][-]{section.6.11}{\376\377\000R\000u\000o\000l\000o\000\040\000d\000i\000\040\000E\000C\000D\000L\000P\000\040\000n\000e\000l\000l\000a\000\040\000c\000r\000i\000t\000t\000o\000g\000r\000a\000f\000i\000a\000\040\000a\000\040\000c\000h\000i\000a\000v\000e\000\040\000p\000u\000b\000b\000l\000i\000c\000a}{chapter.6}% 62
\BOOKMARK [1][-]{section.6.12}{\376\377\000C\000o\000n\000f\000r\000o\000n\000t\000o\000\040\000c\000o\000n\000c\000e\000t\000t\000u\000a\000l\000e\000\040\000c\000o\000n\000\040\000R\000S\000A}{chapter.6}% 63
\BOOKMARK [1][-]{section.6.13}{\376\377\000L\000i\000m\000i\000t\000e\000\040\000q\000u\000a\000n\000t\000i\000s\000t\000i\000c\000o}{chapter.6}% 64
\BOOKMARK [0][-]{chapter.7}{\376\377\000P\000r\000o\000t\000o\000c\000o\000l\000l\000i\000\040\000c\000r\000i\000t\000t\000o\000g\000r\000a\000f\000i\000c\000i\000\040\000b\000a\000s\000a\000t\000i\000\040\000s\000u\000\040\000E\000C\000C}{}% 65
\BOOKMARK [1][-]{section.7.1}{\376\377\000I\000n\000t\000r\000o\000d\000u\000z\000i\000o\000n\000e}{chapter.7}% 66
\BOOKMARK [1][-]{section.7.2}{\376\377\000P\000a\000r\000a\000m\000e\000t\000r\000i\000\040\000p\000u\000b\000b\000l\000i\000c\000i\000\040\000e\000\040\000g\000e\000n\000e\000r\000a\000z\000i\000o\000n\000e\000\040\000d\000e\000l\000l\000e\000\040\000c\000h\000i\000a\000v\000i}{chapter.7}% 67
\BOOKMARK [1][-]{section.7.3}{\376\377\000E\000l\000l\000i\000p\000t\000i\000c\000\040\000C\000u\000r\000v\000e\000\040\000D\000i\000f\000f\000i\000e\040\023\000H\000e\000l\000l\000m\000a\000n}{chapter.7}% 68
\BOOKMARK [1][-]{section.7.4}{\376\377\000S\000i\000c\000u\000r\000e\000z\000z\000a\000\040\000e\000\040\000a\000u\000t\000e\000n\000t\000i\000c\000a\000z\000i\000o\000n\000e\000\040\000i\000n\000\040\000E\000C\000D\000H}{chapter.7}% 69
\BOOKMARK [1][-]{section.7.5}{\376\377\000E\000C\000D\000H\000E\000\040\000e\000\040\000f\000o\000r\000w\000a\000r\000d\000\040\000s\000e\000c\000r\000e\000c\000y}{chapter.7}% 70
\BOOKMARK [1][-]{section.7.6}{\376\377\000F\000i\000r\000m\000e\000\040\000d\000i\000g\000i\000t\000a\000l\000i\000\040\000s\000u\000\040\000c\000u\000r\000v\000e\000\040\000e\000l\000l\000i\000t\000t\000i\000c\000h\000e}{chapter.7}% 71
\BOOKMARK [1][-]{section.7.7}{\376\377\000G\000e\000n\000e\000r\000a\000z\000i\000o\000n\000e\000\040\000e\000\040\000v\000e\000r\000i\000f\000i\000c\000a\000\040\000d\000i\000\040\000u\000n\000a\000\040\000f\000i\000r\000m\000a\000\040\000E\000C\000D\000S\000A}{chapter.7}% 72
\BOOKMARK [1][-]{section.7.8}{\376\377\000I\000m\000p\000o\000r\000t\000a\000n\000z\000a\000\040\000d\000e\000l\000\040\000n\000o\000n\000c\000e\000\040\000i\000n\000\040\000E\000C\000D\000S\000A}{chapter.7}% 73
\BOOKMARK [1][-]{section.7.9}{\376\377\000E\000C\000D\000H\000\040\000e\000d\000\040\000E\000C\000D\000S\000A\000\040\000a\000\040\000c\000o\000n\000f\000r\000o\000n\000t\000o}{chapter.7}% 74
\BOOKMARK [0][-]{chapter.8}{\376\377\000A\000p\000p\000l\000i\000c\000a\000z\000i\000o\000n\000i\000\040\000m\000o\000d\000e\000r\000n\000e\000\040\000d\000i\000\040\000E\000C\000C}{}% 75
\BOOKMARK [1][-]{section.8.1}{\376\377\000I\000n\000t\000r\000o\000d\000u\000z\000i\000o\000n\000e}{chapter.8}% 76
\BOOKMARK [1][-]{section.8.2}{\376\377\000E\000C\000C\000\040\000n\000e\000i\000\040\000p\000r\000o\000t\000o\000c\000o\000l\000l\000i\000\040\000d\000i\000\040\000c\000o\000m\000u\000n\000i\000c\000a\000z\000i\000o\000n\000e\000\040\000s\000i\000c\000u\000r\000a}{chapter.8}% 77
\BOOKMARK [1][-]{section.8.3}{\376\377\000F\000o\000r\000w\000a\000r\000d\000\040\000s\000e\000c\000r\000e\000c\000y\000\040\000e\000\040\000a\000u\000t\000e\000n\000t\000i\000c\000a\000z\000i\000o\000n\000e}{chapter.8}% 78
\BOOKMARK [1][-]{section.8.4}{\376\377\000C\000r\000i\000t\000t\000o\000g\000r\000a\000f\000i\000a\000\040\000i\000b\000r\000i\000d\000a}{chapter.8}% 79
\BOOKMARK [1][-]{section.8.5}{\376\377\000E\000C\000C\000\040\000i\000n\000\040\000B\000i\000t\000c\000o\000i\000n}{chapter.8}% 80
\BOOKMARK [1][-]{section.8.6}{\376\377\000L\000a\000\040\000c\000u\000r\000v\000a\000\040\000s\000e\000c\000p\0002\0005\0006\000k\0001}{chapter.8}% 81
\BOOKMARK [1][-]{section.8.7}{\376\377\000W\000a\000l\000l\000e\000t\000,\000\040\000s\000e\000e\000d\000\040\000p\000h\000r\000a\000s\000e\000\040\000e\000\040\000i\000n\000d\000i\000r\000i\000z\000z\000i}{chapter.8}% 82
\BOOKMARK [1][-]{section.8.8}{\376\377\000T\000r\000a\000n\000s\000a\000z\000i\000o\000n\000i\000,\000\040\000U\000T\000X\000O\000\040\000e\000\040\000f\000i\000r\000m\000e}{chapter.8}% 83
\BOOKMARK [1][-]{section.8.9}{\376\377\000E\000C\000C\000\040\000e\000\040\000d\000e\000c\000e\000n\000t\000r\000a\000l\000i\000z\000z\000a\000z\000i\000o\000n\000e}{chapter.8}% 84
\BOOKMARK [1][-]{section.8.10}{\376\377\000L\000i\000m\000i\000t\000i\000\040\000p\000r\000a\000t\000i\000c\000i}{chapter.8}% 85
\BOOKMARK [0][-]{chapter.9}{\376\377\000C\000o\000n\000f\000r\000o\000n\000t\000o\000,\000\040\000l\000i\000m\000i\000t\000i\000\040\000e\000\040\000p\000r\000o\000s\000p\000e\000t\000t\000i\000v\000a\000\040\000p\000o\000s\000t\000-\000q\000u\000a\000n\000t\000i\000s\000t\000i\000c\000a}{}% 86
\BOOKMARK [1][-]{section.9.1}{\376\377\000I\000n\000t\000r\000o\000d\000u\000z\000i\000o\000n\000e}{chapter.9}% 87
\BOOKMARK [1][-]{section.9.2}{\376\377\000E\000C\000C\000\040\000e\000\040\000R\000S\000A}{chapter.9}% 88
\BOOKMARK [1][-]{section.9.3}{\376\377\000E\000f\000f\000i\000c\000i\000e\000n\000z\000a\000\040\000e\000\040\000d\000i\000m\000e\000n\000s\000i\000o\000n\000e\000\040\000d\000e\000l\000l\000e\000\040\000c\000h\000i\000a\000v\000i}{chapter.9}% 89
\BOOKMARK [1][-]{section.9.4}{\376\377\000L\000i\000m\000i\000t\000i\000\040\000t\000e\000o\000r\000i\000c\000i}{chapter.9}% 90
\BOOKMARK [1][-]{section.9.5}{\376\377\000L\000i\000m\000i\000t\000i\000\040\000i\000m\000p\000l\000e\000m\000e\000n\000t\000a\000t\000i\000v\000i}{chapter.9}% 91
\BOOKMARK [1][-]{section.9.6}{\376\377\000S\000c\000e\000l\000t\000a\000\040\000d\000e\000l\000l\000e\000\040\000c\000u\000r\000v\000e}{chapter.9}% 92
\BOOKMARK [1][-]{section.9.7}{\376\377\000L\000a\000\040\000m\000i\000n\000a\000c\000c\000i\000a\000\040\000q\000u\000a\000n\000t\000i\000s\000t\000i\000c\000a}{chapter.9}% 93
\BOOKMARK [1][-]{section.9.8}{\376\377\000H\000a\000r\000v\000e\000s\000t\000\040\000N\000o\000w\000,\000\040\000D\000e\000c\000r\000y\000p\000t\000\040\000L\000a\000t\000e\000r}{chapter.9}% 94
\BOOKMARK [1][-]{section.9.9}{\376\377\000C\000r\000i\000t\000t\000o\000g\000r\000a\000f\000i\000a\000\040\000p\000o\000s\000t\000-\000q\000u\000a\000n\000t\000i\000s\000t\000i\000c\000a}{chapter.9}% 95
\BOOKMARK [1][-]{section.9.10}{\376\377\000S\000t\000a\000n\000d\000a\000r\000d\000i\000z\000z\000a\000z\000i\000o\000n\000e\000\040\000e\000\040\000t\000r\000a\000n\000s\000i\000z\000i\000o\000n\000e}{chapter.9}% 96
\BOOKMARK [1][-]{section.9.11}{\376\377\000C\000o\000n\000f\000r\000o\000n\000t\000o\000\040\000f\000i\000n\000a\000l\000e}{chapter.9}% 97
\BOOKMARK [0][-]{chapter.10}{\376\377\000C\000o\000n\000c\000l\000u\000s\000i\000o\000n\000i}{}% 98
\BOOKMARK [1][-]{section.10.1}{\376\377\000R\000i\000s\000u\000l\000t\000a\000t\000i\000\040\000p\000r\000i\000n\000c\000i\000p\000a\000l\000i}{chapter.10}% 99
\BOOKMARK [1][-]{section.10.2}{\376\377\000R\000i\000l\000e\000v\000a\000n\000z\000a\000\040\000e\000\040\000l\000i\000m\000i\000t\000i}{chapter.10}% 100
\BOOKMARK [1][-]{section.10.3}{\376\377\000C\000o\000n\000c\000l\000u\000s\000i\000o\000n\000e\000\040\000f\000i\000n\000a\000l\000e}{chapter.10}% 101
